<?xml version="1.0" encoding="UTF-8"?>
<testng-results skipped="0" failed="0" total="5" passed="5">
  <reporter-output>
  </reporter-output>
  <suite name="Default suite" duration-ms="8354" started-at="2022-03-21T09:04:32Z" finished-at="2022-03-21T09:04:40Z">
    <groups>
    </groups>
    <test name="Default test" duration-ms="8354" started-at="2022-03-21T09:04:32Z" finished-at="2022-03-21T09:04:40Z">
      <class name="restpckg.reststeps">
        <test-method status="PASS" signature="create()[pri:0, instance:restpckg.reststeps@5ba23b66]" name="create" duration-ms="3112" started-at="2022-03-21T14:34:32Z" finished-at="2022-03-21T14:34:35Z">
          <reporter-output>
          </reporter-output>
        </test-method> <!-- create -->
        <test-method status="PASS" signature="update()[pri:0, instance:restpckg.reststeps@5ba23b66]" name="update" duration-ms="1354" started-at="2022-03-21T14:34:35Z" depends-on-methods="restpckg.reststeps.create" finished-at="2022-03-21T14:34:36Z">
          <reporter-output>
          </reporter-output>
        </test-method> <!-- update -->
        <test-method status="PASS" signature="login()[pri:0, instance:restpckg.reststeps@5ba23b66]" name="login" duration-ms="1272" started-at="2022-03-21T14:34:36Z" depends-on-methods="restpckg.reststeps.create" finished-at="2022-03-21T14:34:38Z">
          <reporter-output>
          </reporter-output>
        </test-method> <!-- login -->
        <test-method status="PASS" signature="logout()[pri:0, instance:restpckg.reststeps@5ba23b66]" name="logout" duration-ms="1262" started-at="2022-03-21T14:34:38Z" depends-on-methods="restpckg.reststeps.login" finished-at="2022-03-21T14:34:39Z">
          <reporter-output>
          </reporter-output>
        </test-method> <!-- logout -->
        <test-method status="PASS" signature="delete()[pri:0, instance:restpckg.reststeps@5ba23b66]" name="delete" duration-ms="1342" started-at="2022-03-21T14:34:39Z" depends-on-methods="restpckg.reststeps.logout" finished-at="2022-03-21T14:34:40Z">
          <reporter-output>
          </reporter-output>
        </test-method> <!-- delete -->
      </class> <!-- restpckg.reststeps -->
    </test> <!-- Default test -->
  </suite> <!-- Default suite -->
</testng-results>
